<?xml version="1.0" encoding="UTF-8"?>
<testng-results skipped="0" failed="0" total="1" passed="1">
  <reporter-output>
  </reporter-output>
  <suite name="TmpSuite" duration-ms="248066" started-at="2016-10-11T09:23:27Z" finished-at="2016-10-11T09:27:35Z">
    <groups>
    </groups>
    <test name="TmpTest0" duration-ms="248066" started-at="2016-10-11T09:23:27Z" finished-at="2016-10-11T09:27:35Z">
      <class name="Libraries.Driver">
        <test-method status="PASS" signature="main(java.lang.String, java.lang.String)[pri:0, instance:Libraries.Driver@1597028]" name="main" duration-ms="248054" started-at="2016-10-11T14:53:27Z" finished-at="2016-10-11T14:57:35Z">
          <params>
            <param index="0">
              <value>
                <![CDATA[Batch1]]>
              </value>
            </param>
            <param index="1">
              <value>
                <![CDATA[0]]>
              </value>
            </param>
          </params>
          <reporter-output>
          </reporter-output>
        </test-method> <!-- main -->
      </class> <!-- Libraries.Driver -->
    </test> <!-- TmpTest0 -->
  </suite> <!-- TmpSuite -->
</testng-results>
